#logback.classic pattern: [%thread] %-5level %logger{52} - %msg%n
[AWT-EventQueue-0] INFO  com.github.p4535992.extractor.home.MainExtractInfo - ===== START THE PROGRAMM =========
[AWT-EventQueue-0] INFO  com.github.p4535992.extractor.home.MainExtractInfo - Using parameters:
[AWT-EventQueue-0] INFO  com.github.p4535992.extractor.home.MainExtractInfo - PARAM_API_KEY_GM=xxxxxxxxxxxxxxxxx;
PARAM_COLUMN_TABLE_INPUT=url
PARAM_CREA_NUOVA_TABELLA_GEODOCUMENT=false
PARAM_CREA_NUOVA_TABELLA_GEODOMAIN=true
PARAM_CREA_NUOVA_TABELLA_INFODOCUMENT_ONTOLOGY=false
PARAM_DATABASE_INPUT_GEODOMAIN=geodb
PARAM_DATABASE_OUTPUT_GEODOMAIN=geodb
PARAM_DB_INPUT=geodb
PARAM_DB_KEYWORD=keyworddb
PARAM_DB_OUTPUT=geodb
PARAM_DIALECT_DATABASE=jdbc:mysql
PARAM_DIALECT_DATABASE_HIBERNATE=org.hibernate.dialect.MySQLDialect
PARAM_DIRECTORY_FILES=C:\Users\tenti\Desktop\EAT\Users\Marco\Downloads\parseWebUrls
PARAM_DRIVER_DATABASE=com.mysql.jdbc.Driver
PARAM_DS_DIR=C:\Users\tenti\Desktop\EAT\gate_files\Datastore
PARAM_ERASE=false
PARAM_ERASE_GEODOMAIN=true
PARAM_ERASE_ONTOLOGY=false
PARAM_FILE_MAP_TURTLE_KARMA=C:\Users\tenti\Desktop\EAT\karma_files\model\R2RML_infodocument-model_2015-07-08.ttl
PARAM_FILE_OUTPUT_TRIPLE_KARMA=C:\Users\tenti\Desktop\EAT\karma_files\output\output_karma_2015-10-20.n3
PARAM_FILTER=true
PARAM_FREQUENZA_URL_GEODOMAIN=3
PARAM_GENERATION_TRIPLE_KARMA_PROGRAMM=true
PARAM_GEODOMAIN_PROGRAMM=false
PARAM_HOST_DATABASE=localhost
PARAM_ID_DATABASE_KARMA=DB
PARAM_LIMIT=1000
PARAM_LIMIT_GEODOMAIN=500
PARAM_NOME_DATASTORE=DataStore_Test
PARAM_OFFSET=36000
PARAM_OFFSET_GEODOMAIN=0
PARAM_ONTOLOGY_PROGRAMM=false
PARAM_OUTPUT_FORMAT_KARMA=ttl
PARAM_PASS=siimobility
PARAM_PORT_DATABASE=3306
PARAM_PROCESS_PROGAMM=1
PARAM_SAVE_DATASTORE=false
PARAM_SILK_INTERLINK_ID=interlink_location
PARAM_SILK_LINKING_TRIPLE_PROGRAMM=false
PARAM_SILK_SLS_FILE=C:\Users\tenti\Desktop\EAT\silk_files\sls\SLS_km4c-InfoDoc_M-wgs84_COORD_B1.xml
PARAM_TABLE_INPUT=websitehtml
PARAM_TABLE_INPUT_GEODOMAIN=geodomaindocument_coord_SiiMobility_05052014
PARAM_TABLE_INPUT_KARMA=infodocument_2015_09_18
PARAM_TABLE_INPUT_ONTOLOGY=geodocument_2015_09_18
PARAM_TABLE_KEYWORD_DOCUMENT=document
PARAM_TABLE_OUTPUT=geodocument_2015_09_18
PARAM_TABLE_OUTPUT_GEODOMAIN=geodomaindocument_coord_omogeneo_05052014
PARAM_TABLE_OUTPUT_ONTOLOGY=infodocument_2015_09_18
PARAM_TYPE_DATABASE_KARMA=MySQL
PARAM_TYPE_EXTRACTION=SPRING
PARAM_USER=siimobility

