2016-04-05 20:01:36 gate.Gate : Using H:\Marco 2016-04\EAT 1.6.10\EAT\gate_files as GATE home
2016-04-05 20:01:36 gate.Gate : Using H:\Marco 2016-04\EAT 1.6.10\EAT\gate_files\plugins as installed plug-ins directory.
2016-04-05 20:01:36 gate.Gate : Using H:\Marco 2016-04\EAT 1.6.10\EAT\gate_files\gate.xml as site configuration file.
2016-04-05 20:01:36 gate.Gate : Using H:\Marco 2016-04\EAT 1.6.10\EAT\gate_files\user-gate.xml as user configuration file
2016-04-05 20:01:36 gate.Gate : Using H:\Marco 2016-04\EAT 1.6.10\EAT\gate_files\gate.session as user session file
2016-04-05 20:01:48 gate.creole.CreoleRegisterImpl : CREOLE plugin loaded: file:/H:/Marco%202016-04/EAT%201.6.10/EAT/gate_files/plugins/Tools/
2016-04-05 20:01:48 gate.creole.CreoleRegisterImpl : CREOLE plugin loaded: file:/H:/Marco%202016-04/EAT%201.6.10/EAT/gate_files/plugins/LingPipe/
2016-04-05 20:01:49 gate.creole.CreoleRegisterImpl : CREOLE plugin loaded: file:/H:/Marco%202016-04/EAT%201.6.10/EAT/gate_files/plugins/ANNIE/
2016-04-05 20:01:50 gate.creole.CreoleRegisterImpl : CREOLE plugin loaded: file:/H:/Marco%202016-04/EAT%201.6.10/EAT/gate_files/plugins/JAPE_Plus/
2016-04-05 20:01:50 gate.creole.CreoleRegisterImpl : CREOLE plugin loaded: file:/H:/Marco%202016-04/EAT%201.6.10/EAT/gate_files/plugins/Tagger_Framework/
2016-04-05 20:02:54 gate.creole.POSTagger : POS tagger: no sentence or token annotations in input document - see debug log for details.
2016-04-08 14:54:50 gate.Gate : Using H:\Marco 2016-04\EAT 1.6.10\EAT\gate_files as GATE home
2016-04-08 14:54:50 gate.Gate : Using H:\Marco 2016-04\EAT 1.6.10\EAT\gate_files\plugins as installed plug-ins directory.
2016-04-08 14:54:50 gate.Gate : Using H:\Marco 2016-04\EAT 1.6.10\EAT\gate_files\gate.xml as site configuration file.
2016-04-08 14:54:50 gate.Gate : Using H:\Marco 2016-04\EAT 1.6.10\EAT\gate_files\user-gate.xml as user configuration file
2016-04-08 14:54:50 gate.Gate : Using H:\Marco 2016-04\EAT 1.6.10\EAT\gate_files\gate.session as user session file
2016-04-08 14:59:48 gate.Gate : Using H:\Marco 2016-04\EAT 1.6.10\EAT\gate_files as GATE home
2016-04-08 14:59:48 gate.Gate : Using H:\Marco 2016-04\EAT 1.6.10\EAT\gate_files\plugins as installed plug-ins directory.
2016-04-08 14:59:48 gate.Gate : Using H:\Marco 2016-04\EAT 1.6.10\EAT\gate_files\gate.xml as site configuration file.
2016-04-08 14:59:48 gate.Gate : Using H:\Marco 2016-04\EAT 1.6.10\EAT\gate_files\user-gate.xml as user configuration file
2016-04-08 14:59:48 gate.Gate : Using H:\Marco 2016-04\EAT 1.6.10\EAT\gate_files\gate.session as user session file
2016-04-08 14:59:53 gate.creole.CreoleRegisterImpl : CREOLE plugin loaded: file:/H:/Marco%202016-04/EAT%201.6.10/EAT/gate_files/plugins/Tools/
2016-04-08 14:59:54 gate.creole.CreoleRegisterImpl : CREOLE plugin loaded: file:/H:/Marco%202016-04/EAT%201.6.10/EAT/gate_files/plugins/LingPipe/
2016-04-08 14:59:54 gate.creole.CreoleRegisterImpl : CREOLE plugin loaded: file:/H:/Marco%202016-04/EAT%201.6.10/EAT/gate_files/plugins/ANNIE/
2016-04-08 14:59:54 gate.creole.CreoleRegisterImpl : CREOLE plugin loaded: file:/H:/Marco%202016-04/EAT%201.6.10/EAT/gate_files/plugins/JAPE_Plus/
2016-04-08 14:59:54 gate.creole.CreoleRegisterImpl : CREOLE plugin loaded: file:/H:/Marco%202016-04/EAT%201.6.10/EAT/gate_files/plugins/Tagger_Framework/
2016-04-08 15:01:08 gate.Gate : Using H:\Marco 2016-04\EAT 1.6.10\EAT\gate_files as GATE home
2016-04-08 15:01:08 gate.Gate : Using H:\Marco 2016-04\EAT 1.6.10\EAT\gate_files\plugins as installed plug-ins directory.
2016-04-08 15:01:08 gate.Gate : Using H:\Marco 2016-04\EAT 1.6.10\EAT\gate_files\gate.xml as site configuration file.
2016-04-08 15:01:08 gate.Gate : Using H:\Marco 2016-04\EAT 1.6.10\EAT\gate_files\user-gate.xml as user configuration file
2016-04-08 15:01:08 gate.Gate : Using H:\Marco 2016-04\EAT 1.6.10\EAT\gate_files\gate.session as user session file
2016-04-08 15:01:11 gate.creole.CreoleRegisterImpl : CREOLE plugin loaded: file:/H:/Marco%202016-04/EAT%201.6.10/EAT/gate_files/plugins/Tools/
2016-04-08 15:01:12 gate.creole.CreoleRegisterImpl : CREOLE plugin loaded: file:/H:/Marco%202016-04/EAT%201.6.10/EAT/gate_files/plugins/LingPipe/
2016-04-08 15:01:12 gate.creole.CreoleRegisterImpl : CREOLE plugin loaded: file:/H:/Marco%202016-04/EAT%201.6.10/EAT/gate_files/plugins/ANNIE/
2016-04-08 15:01:12 gate.creole.CreoleRegisterImpl : CREOLE plugin loaded: file:/H:/Marco%202016-04/EAT%201.6.10/EAT/gate_files/plugins/JAPE_Plus/
2016-04-08 15:01:12 gate.creole.CreoleRegisterImpl : CREOLE plugin loaded: file:/H:/Marco%202016-04/EAT%201.6.10/EAT/gate_files/plugins/Tagger_Framework/
2016-04-10 23:21:44 gate.Gate : Using H:\Marco 2016-04\EAT 1.6.10\eat\gate_files as GATE home
2016-04-10 23:21:44 gate.Gate : Using H:\Marco 2016-04\EAT 1.6.10\eat\gate_files\plugins as installed plug-ins directory.
2016-04-10 23:21:44 gate.Gate : Using H:\Marco 2016-04\EAT 1.6.10\eat\gate_files\gate.xml as site configuration file.
2016-04-10 23:21:44 gate.Gate : Using H:\Marco 2016-04\EAT 1.6.10\eat\gate_files\user-gate.xml as user configuration file
2016-04-10 23:21:44 gate.Gate : Using H:\Marco 2016-04\EAT 1.6.10\eat\gate_files\gate.session as user session file
2016-04-10 23:23:47 gate.Gate : Using H:\Marco 2016-04\EAT 1.6.10\eat\gate_files as GATE home
2016-04-10 23:23:47 gate.Gate : Using H:\Marco 2016-04\EAT 1.6.10\eat\gate_files\plugins as installed plug-ins directory.
2016-04-10 23:23:47 gate.Gate : Using H:\Marco 2016-04\EAT 1.6.10\eat\gate_files\gate.xml as site configuration file.
2016-04-10 23:23:47 gate.Gate : Using H:\Marco 2016-04\EAT 1.6.10\eat\gate_files\user-gate.xml as user configuration file
2016-04-10 23:23:47 gate.Gate : Using H:\Marco 2016-04\EAT 1.6.10\eat\gate_files\gate.session as user session file
2016-04-10 23:25:18 gate.Gate : Using H:\Marco 2016-04\EAT 1.6.10\eat\gate_files as GATE home
2016-04-10 23:25:18 gate.Gate : Using H:\Marco 2016-04\EAT 1.6.10\eat\gate_files\plugins as installed plug-ins directory.
2016-04-10 23:25:18 gate.Gate : Using H:\Marco 2016-04\EAT 1.6.10\eat\gate_files\gate.xml as site configuration file.
2016-04-10 23:25:18 gate.Gate : Using H:\Marco 2016-04\EAT 1.6.10\eat\gate_files\user-gate.xml as user configuration file
2016-04-10 23:25:18 gate.Gate : Using H:\Marco 2016-04\EAT 1.6.10\eat\gate_files\gate.session as user session file
2016-04-10 23:29:37 gate.Gate : Using H:\Marco 2016-04\EAT 1.6.10\eat\gate_files as GATE home
2016-04-10 23:29:37 gate.Gate : Using H:\Marco 2016-04\EAT 1.6.10\eat\gate_files\plugins as installed plug-ins directory.
2016-04-10 23:29:37 gate.Gate : Using H:\Marco 2016-04\EAT 1.6.10\eat\gate_files\gate.xml as site configuration file.
2016-04-10 23:29:37 gate.Gate : Using H:\Marco 2016-04\EAT 1.6.10\eat\gate_files\user-gate.xml as user configuration file
2016-04-10 23:29:37 gate.Gate : Using H:\Marco 2016-04\EAT 1.6.10\eat\gate_files\gate.session as user session file
2016-04-10 23:30:17 gate.creole.CreoleRegisterImpl : CREOLE plugin loaded: file:/H:/Marco%202016-04/EAT%201.6.10/eat/gate_files/plugins/Tools/
2016-04-10 23:30:17 gate.creole.CreoleRegisterImpl : CREOLE plugin loaded: file:/H:/Marco%202016-04/EAT%201.6.10/eat/gate_files/plugins/LingPipe/
2016-04-10 23:30:17 gate.creole.CreoleRegisterImpl : CREOLE plugin loaded: file:/H:/Marco%202016-04/EAT%201.6.10/eat/gate_files/plugins/ANNIE/
2016-04-10 23:30:17 gate.creole.CreoleRegisterImpl : CREOLE plugin loaded: file:/H:/Marco%202016-04/EAT%201.6.10/eat/gate_files/plugins/JAPE_Plus/
2016-04-10 23:30:17 gate.creole.CreoleRegisterImpl : CREOLE plugin loaded: file:/H:/Marco%202016-04/EAT%201.6.10/eat/gate_files/plugins/Tagger_Framework/
2016-04-11 11:51:52 gate.Gate : Using H:\Marco 2016-04\EAT 1.6.10\eat\gate_files as GATE home
2016-04-11 11:51:52 gate.Gate : Using H:\Marco 2016-04\EAT 1.6.10\eat\gate_files\plugins as installed plug-ins directory.
2016-04-11 11:51:52 gate.Gate : Using H:\Marco 2016-04\EAT 1.6.10\eat\gate_files\gate.xml as site configuration file.
2016-04-11 11:51:52 gate.Gate : Using H:\Marco 2016-04\EAT 1.6.10\eat\gate_files\user-gate.xml as user configuration file
2016-04-11 11:51:52 gate.Gate : Using H:\Marco 2016-04\EAT 1.6.10\eat\gate_files\gate.session as user session file
2016-04-11 11:51:57 gate.creole.CreoleRegisterImpl : CREOLE plugin loaded: file:/H:/Marco%202016-04/EAT%201.6.10/eat/gate_files/plugins/Tools/
2016-04-11 11:51:57 gate.creole.CreoleRegisterImpl : CREOLE plugin loaded: file:/H:/Marco%202016-04/EAT%201.6.10/eat/gate_files/plugins/LingPipe/
2016-04-11 11:51:57 gate.creole.CreoleRegisterImpl : CREOLE plugin loaded: file:/H:/Marco%202016-04/EAT%201.6.10/eat/gate_files/plugins/ANNIE/
2016-04-11 11:51:57 gate.creole.CreoleRegisterImpl : CREOLE plugin loaded: file:/H:/Marco%202016-04/EAT%201.6.10/eat/gate_files/plugins/JAPE_Plus/
2016-04-11 11:51:57 gate.creole.CreoleRegisterImpl : CREOLE plugin loaded: file:/H:/Marco%202016-04/EAT%201.6.10/eat/gate_files/plugins/Tagger_Framework/
